{"logTime": "1019/082320", "correlationVector":"OfvrDvEx8dnafbzdr2nc5a.0","action":"FeedSettingFetch_homeCloud", "result":"0", "context":{}}
{"logTime": "1019/082320", "correlationVector":"OfvrDvEx8dnafbzdr2nc5a.0","action":"SyncServerConnectionManagerRequest", "result":"SYNC_SERVER_OK", "context":{"environment":"", "server":""}}
{"logTime": "1019/082320", "correlationVector":"ZRhrSKgj+/a7+13VtYRmgK.1","action":"SyncServerConnectionManagerRequest", "result":"SYNC_SERVER_OK", "context":{"environment":"Prod_WestEurope", "server":"GENERAL0100002U"}}
{"logTime": "1019/082320", "correlationVector":"ZRhrSKgj+/a7+13VtYRmgK","action":"Initial GetUpdates", "result":"", "context":Reason: NEW_CLIENT. cV=ZRhrSKgj+/a7+13VtYRmgK}
{"logTime": "1019/082320", "correlationVector":"ZRhrSKgj+/a7+13VtYRmgK.2","action":"GetUpdates Response", "result":"SYNCER_OK", "context":Received 1 update(s). cV=ZRhrSKgj+/a7+13VtYRmgK.0;server=GENERAL0100002U;cloudType=Consumer;environment=Prod_WestEurope}
{"logTime": "1019/082324", "correlationVector":"aXhLeCWhTje3z7CkCluwLb","action":"Initial GetUpdates", "result":"", "context":Reason: NEW_CLIENT. cV=aXhLeCWhTje3z7CkCluwLb}
{"logTime": "1019/082324", "correlationVector":"aXhLeCWhTje3z7CkCluwLb.1","action":"SyncServerConnectionManagerRequest", "result":"SYNC_SERVER_OK", "context":{"environment":"Prod_WestEurope", "server":"GENERAL01000013"}}
{"logTime": "1019/082324", "correlationVector":"aXhLeCWhTje3z7CkCluwLb.2","action":"GetUpdates Response", "result":"SYNCER_OK", "context":Received 5 update(s). cV=aXhLeCWhTje3z7CkCluwLb.0;server=GENERAL01000013;cloudType=Consumer;environment=Prod_WestEurope}
{"logTime": "1019/082324", "correlationVector":"KCET1eVM3JIoZk9pqzCNs6","action":"Normal GetUpdate request", "result":"", "context":cV=KCET1eVM3JIoZk9pqzCNs6
Nudged types: Device Info, User Consents
Refresh requested types: Device Info, User Consents, Send Tab To Self, Encryption Keys}
{"logTime": "1019/082325", "correlationVector":"KCET1eVM3JIoZk9pqzCNs6.1","action":"SyncServerConnectionManagerRequest", "result":"SYNC_SERVER_OK", "context":{"environment":"Prod_WestEurope", "server":"GENERAL0100000P"}}
{"logTime": "1019/082325", "correlationVector":"KCET1eVM3JIoZk9pqzCNs6.2","action":"GetUpdates Response", "result":"SYNCER_OK", "context":Received 0 update(s). cV=KCET1eVM3JIoZk9pqzCNs6.0;server=GENERAL0100000P;cloudType=Consumer;environment=Prod_WestEurope}
{"logTime": "1019/082325", "correlationVector":"h304mUhOjWIlzZbHV1ZUs+","action":"Commit Request", "result":"", "context":Item count: 1
Contributing types: Device Info}
{"logTime": "1019/082325", "correlationVector":"h304mUhOjWIlzZbHV1ZUs+.1","action":"SyncServerConnectionManagerRequest", "result":"SYNC_SERVER_OK", "context":{"environment":"Prod_WestEurope", "server":"GENERAL0100000R"}}
{"logTime": "1019/082326", "correlationVector":"h304mUhOjWIlzZbHV1ZUs+.2","action":"Commit Response", "result":"SYNCER_OK", "context":Result: SYNCER_OK. cV=h304mUhOjWIlzZbHV1ZUs+.0;server=GENERAL0100000R;cloudType=Consumer;environment=Prod_WestEurope}
{"logTime": "1019/082327", "correlationVector":"8fLALIhyiM06Ky56+W3GLb","action":"Commit Request", "result":"", "context":Item count: 1
Contributing types: User Consents}
{"logTime": "1019/082327", "correlationVector":"8fLALIhyiM06Ky56+W3GLb.1","action":"SyncServerConnectionManagerRequest", "result":"SYNC_SERVER_OK", "context":{"environment":"Prod_WestEurope", "server":"general01000000"}}
{"logTime": "1019/082327", "correlationVector":"8fLALIhyiM06Ky56+W3GLb.2","action":"Commit Response", "result":"SYNCER_OK", "context":Result: SYNCER_OK. cV=8fLALIhyiM06Ky56+W3GLb.0;server=general01000000;cloudType=Consumer;environment=Prod_WestEurope}
